GowinSynthesis start
Running parser ...
Analyzing Verilog file '/home/pablo/GowinProjects/golab1/c03muxdec7s/src/top.v'
Analyzing Verilog file '/home/pablo/GowinProjects/golab1/c03muxdec7s/src/mux2s4b.v'
Analyzing Verilog file '/home/pablo/GowinProjects/golab1/c03muxdec7s/src/deco7seg.v'
Compiling module 'top'("/home/pablo/GowinProjects/golab1/c03muxdec7s/src/top.v":2)
Compiling module 'mux2s4b'("/home/pablo/GowinProjects/golab1/c03muxdec7s/src/mux2s4b.v":1)
Compiling module 'deco7seg'("/home/pablo/GowinProjects/golab1/c03muxdec7s/src/deco7seg.v":3)
NOTE  (EX0101) : Current top module is "top"
[5%] Running netlist conversion ...
Running device independent optimization ...
[10%] Optimizing Phase 0 completed
[15%] Optimizing Phase 1 completed
[25%] Optimizing Phase 2 completed
Running inference ...
[30%] Inferring Phase 0 completed
[40%] Inferring Phase 1 completed
[50%] Inferring Phase 2 completed
[55%] Inferring Phase 3 completed
Running technical mapping ...
[60%] Tech-Mapping Phase 0 completed
[65%] Tech-Mapping Phase 1 completed
[75%] Tech-Mapping Phase 2 completed
[80%] Tech-Mapping Phase 3 completed
[90%] Tech-Mapping Phase 4 completed
WARN  (NL0002) : The module "mux2s4b" instantiated to "u1" is swept in optimizing("/home/pablo/GowinProjects/golab1/c03muxdec7s/src/top.v":8)
[95%] Generate netlist file "/home/pablo/GowinProjects/golab1/c03muxdec7s/impl/gwsynthesis/c03muxdec7s.vg" completed
[100%] Generate report file "/home/pablo/GowinProjects/golab1/c03muxdec7s/impl/gwsynthesis/c03muxdec7s_syn.rpt.html" completed
GowinSynthesis finish
