Reading netlist file: "/home/pablo/GowinProjects/golab1/c02deco7seg/impl/gwsynthesis/c02deco7seg.vg"
Parsing netlist file "/home/pablo/GowinProjects/golab1/c02deco7seg/impl/gwsynthesis/c02deco7seg.vg" completed
Processing netlist completed
Reading constraint file: "/home/pablo/GowinProjects/golab1/c02deco7seg/src/deco7seg.cst"
Physical Constraint parsed completed
Running placement......
[10%] Placement Phase 0 completed
[20%] Placement Phase 1 completed
[30%] Placement Phase 2 completed
[50%] Placement Phase 3 completed
Running routing......
[60%] Routing Phase 0 completed
[70%] Routing Phase 1 completed
[80%] Routing Phase 2 completed
[90%] Routing Phase 3 completed
Running timing analysis......
[95%] Timing analysis completed
Placement and routing completed
Bitstream generation in progress......
Bitstream generation completed
Running power analysis......
[100%] Power analysis completed
Generate file "/home/pablo/GowinProjects/golab1/c02deco7seg/impl/pnr/c02deco7seg.power.html" completed
Generate file "/home/pablo/GowinProjects/golab1/c02deco7seg/impl/pnr/c02deco7seg.pin.html" completed
Generate file "/home/pablo/GowinProjects/golab1/c02deco7seg/impl/pnr/c02deco7seg.rpt.html" completed
Generate file "/home/pablo/GowinProjects/golab1/c02deco7seg/impl/pnr/c02deco7seg.rpt.txt" completed
Generate file "/home/pablo/GowinProjects/golab1/c02deco7seg/impl/pnr/c02deco7seg.tr.html" completed
Sat Jun 28 22:34:08 2025

