Reading netlist file: "/home/pablo/GowinProjects/golab1/c01mux2s4b/impl/gwsynthesis/c01mux2s4b.vg"
Parsing netlist file "/home/pablo/GowinProjects/golab1/c01mux2s4b/impl/gwsynthesis/c01mux2s4b.vg" completed
Processing netlist completed
Reading constraint file: "/home/pablo/GowinProjects/golab1/c01mux2s4b/src/mux2s4b.cst"
Physical Constraint parsed completed
Running placement......
[10%] Placement Phase 0 completed
[20%] Placement Phase 1 completed
[30%] Placement Phase 2 completed
[50%] Placement Phase 3 completed
Running routing......
[60%] Routing Phase 0 completed
[70%] Routing Phase 1 completed
[80%] Routing Phase 2 completed
[90%] Routing Phase 3 completed
Running timing analysis......
[95%] Timing analysis completed
Placement and routing completed
Bitstream generation in progress......
Bitstream generation completed
Running power analysis......
[100%] Power analysis completed
Generate file "/home/pablo/GowinProjects/golab1/c01mux2s4b/impl/pnr/c01mux2s4b.power.html" completed
Generate file "/home/pablo/GowinProjects/golab1/c01mux2s4b/impl/pnr/c01mux2s4b.pin.html" completed
Generate file "/home/pablo/GowinProjects/golab1/c01mux2s4b/impl/pnr/c01mux2s4b.rpt.html" completed
Generate file "/home/pablo/GowinProjects/golab1/c01mux2s4b/impl/pnr/c01mux2s4b.rpt.txt" completed
Generate file "/home/pablo/GowinProjects/golab1/c01mux2s4b/impl/pnr/c01mux2s4b.tr.html" completed
Sat Jun 28 09:10:43 2025

