Reading netlist file: "/home/pablo/GowinProjects/golab1/c04adder4bit/impl/gwsynthesis/c04adder4bit.vg"
Parsing netlist file "/home/pablo/GowinProjects/golab1/c04adder4bit/impl/gwsynthesis/c04adder4bit.vg" completed
Processing netlist completed
Reading constraint file: "/home/pablo/GowinProjects/golab1/c04adder4bit/src/top.cst"
Physical Constraint parsed completed
Running placement......
[10%] Placement Phase 0 completed
[20%] Placement Phase 1 completed
[30%] Placement Phase 2 completed
[50%] Placement Phase 3 completed
Running routing......
[60%] Routing Phase 0 completed
[70%] Routing Phase 1 completed
[80%] Routing Phase 2 completed
[90%] Routing Phase 3 completed
Running timing analysis......
[95%] Timing analysis completed
Placement and routing completed
Bitstream generation in progress......
Bitstream generation completed
Running power analysis......
[100%] Power analysis completed
Generate file "/home/pablo/GowinProjects/golab1/c04adder4bit/impl/pnr/c04adder4bit.power.html" completed
Generate file "/home/pablo/GowinProjects/golab1/c04adder4bit/impl/pnr/c04adder4bit.pin.html" completed
Generate file "/home/pablo/GowinProjects/golab1/c04adder4bit/impl/pnr/c04adder4bit.rpt.html" completed
Generate file "/home/pablo/GowinProjects/golab1/c04adder4bit/impl/pnr/c04adder4bit.rpt.txt" completed
Generate file "/home/pablo/GowinProjects/golab1/c04adder4bit/impl/pnr/c04adder4bit.tr.html" completed
Fri Jul 18 07:02:52 2025

